<?xml version="1.0" encoding="UTF-8"?>
<!-- Generated by org.testng.reporters.JUnitReportReporter -->
<testsuite hostname="Aashu" failures="0" tests="1" name="Basic.Admin" time="40.621" errors="0" timestamp="2025-04-23T16:06:51 IST" skipped="0">
  <testcase classname="Basic.Admin" name="TC_001" time="40.621">
    <system-out>
      <![CDATA[I am in orangeHRM
I am in homePage
user is added successfully]]>
    </system-out>
  </testcase> <!-- TC_001 -->
  <system-out>
    <![CDATA[I am in orangeHRM
I am in homePage
user is added successfully]]>
  </system-out>
</testsuite> <!-- Basic.Admin -->
