<?xml version="1.0" encoding="UTF-8"?>
<!-- Generated by org.testng.reporters.JUnitReportReporter -->
<testsuite hostname="Aashu" failures="0" tests="1" name="Basic.Test1" time="25.143" errors="0" timestamp="2025-04-20T20:13:22 IST" skipped="0">
  <testcase classname="Basic.Test1" name="main1" time="25.143">
    <system-out>
      <![CDATA[Page Object Model....]]>
    </system-out>
  </testcase> <!-- main1 -->
  <system-out>
    <![CDATA[Page Object Model....]]>
  </system-out>
</testsuite> <!-- Basic.Test1 -->
