<?xml version="1.0" encoding="UTF-8"?>
<!-- Generated by org.testng.reporters.JUnitReportReporter -->
<testsuite hostname="Aashu" failures="0" tests="1" name="Basic.Leave" time="0.013" errors="0" timestamp="2025-04-24T09:26:46 IST" skipped="0">
  <testcase classname="Basic.Leave" name="l1" time="0.013"/>
</testsuite> <!-- Basic.Leave -->
